# JRE version: OpenJDK Runtime Environment (8.0_242-b01) (build 1.8.0_242-release-1644-b01)
# Java VM: OpenJDK 64-Bit Server VM (25.242-b01 mixed mode windows-amd64 compressed oops)
Heap:
 PSYoungGen      total 312320K, used 145480K [0x00000000d5580000, 0x00000000edd80000, 0x0000000100000000)
  eden space 275456K, 39% used [0x00000000d5580000,0x00000000dbf94a98,0x00000000e6280000)
  from space 36864K, 99% used [0x00000000e6280000,0x00000000e867d5f8,0x00000000e8680000)
  to   space 42496K, 0% used [0x00000000eb400000,0x00000000eb400000,0x00000000edd80000)
 ParOldGen       total 214016K, used 82934K [0x0000000080000000, 0x000000008d100000, 0x00000000d5580000)
  object space 214016K, 38% used [0x0000000080000000,0x00000000850fdb80,0x000000008d100000)
 Metaspace       used 114713K, capacity 120226K, committed 120448K, reserved 1153024K
  class space    used 14797K, capacity 15911K, committed 16000K, reserved 1048576K
GC Heap History (10 events):
Event: 150.773 GC heap before
{Heap before GC invocations=21 (full 3):
 PSYoungGen      total 253952K, used 139063K [0x00000000d5580000, 0x00000000e8700000, 0x0000000100000000)
  eden space 226816K, 49% used [0x00000000d5580000,0x00000000dc2d46a0,0x00000000e3300000)
  from space 27136K, 99% used [0x00000000e3300000,0x00000000e4d79758,0x00000000e4d80000)
  to   space 33280K, 0% used [0x00000000e6680000,0x00000000e6680000,0x00000000e8700000)
 ParOldGen       total 128000K, used 54588K [0x0000000080000000, 0x0000000087d00000, 0x00000000d5580000)
  object space 128000K, 42% used [0x0000000080000000,0x000000008354f2d0,0x0000000087d00000)
 Metaspace       used 94084K, capacity 98434K, committed 98496K, reserved 1134592K
  class space    used 12242K, capacity 13182K, committed 13184K, reserved 1048576K
Event: 150.839 GC heap after
Heap after GC invocations=21 (full 3):
 PSYoungGen      total 274432K, used 33192K [0x00000000d5580000, 0x00000000e9f00000, 0x0000000100000000)
  eden space 241152K, 0% used [0x00000000d5580000,0x00000000d5580000,0x00000000e4100000)
  from space 33280K, 99% used [0x00000000e6680000,0x00000000e86ea3e0,0x00000000e8700000)
  to   space 38400K, 0% used [0x00000000e4100000,0x00000000e4100000,0x00000000e6680000)
 ParOldGen       total 128000K, used 68083K [0x0000000080000000, 0x0000000087d00000, 0x00000000d5580000)
  object space 128000K, 53% used [0x0000000080000000,0x000000008427ccb0,0x0000000087d00000)
 Metaspace       used 94084K, capacity 98434K, committed 98496K, reserved 1134592K
  class space    used 12242K, capacity 13182K, committed 13184K, reserved 1048576K
}
Event: 150.839 GC heap before
{Heap before GC invocations=22 (full 4):
 PSYoungGen      total 274432K, used 33192K [0x00000000d5580000, 0x00000000e9f00000, 0x0000000100000000)
  eden space 241152K, 0% used [0x00000000d5580000,0x00000000d5580000,0x00000000e4100000)
  from space 33280K, 99% used [0x00000000e6680000,0x00000000e86ea3e0,0x00000000e8700000)
  to   space 38400K, 0% used [0x00000000e4100000,0x00000000e4100000,0x00000000e6680000)
 ParOldGen       total 128000K, used 68083K [0x0000000080000000, 0x0000000087d00000, 0x00000000d5580000)
  object space 128000K, 53% used [0x0000000080000000,0x000000008427ccb0,0x0000000087d00000)
 Metaspace       used 94084K, capacity 98434K, committed 98496K, reserved 1134592K
  class space    used 12242K, capacity 13182K, committed 13184K, reserved 1048576K
Event: 151.172 GC heap after
Heap after GC invocations=22 (full 4):
 PSYoungGen      total 274432K, used 0K [0x00000000d5580000, 0x00000000e9f00000, 0x0000000100000000)
  eden space 241152K, 0% used [0x00000000d5580000,0x00000000d5580000,0x00000000e4100000)
  from space 33280K, 0% used [0x00000000e6680000,0x00000000e6680000,0x00000000e8700000)
  to   space 38400K, 0% used [0x00000000e4100000,0x00000000e4100000,0x00000000e6680000)
 ParOldGen       total 214016K, used 82091K [0x0000000080000000, 0x000000008d100000, 0x00000000d5580000)
  object space 214016K, 38% used [0x0000000080000000,0x000000008502ac10,0x000000008d100000)
 Metaspace       used 94016K, capacity 98226K, committed 98496K, reserved 1134592K
  class space    used 12221K, capacity 13146K, committed 13184K, reserved 1048576K
}
Event: 155.698 GC heap before
{Heap before GC invocations=23 (full 4):
 PSYoungGen      total 274432K, used 241152K [0x00000000d5580000, 0x00000000e9f00000, 0x0000000100000000)
  eden space 241152K, 100% used [0x00000000d5580000,0x00000000e4100000,0x00000000e4100000)
  from space 33280K, 0% used [0x00000000e6680000,0x00000000e6680000,0x00000000e8700000)
  to   space 38400K, 0% used [0x00000000e4100000,0x00000000e4100000,0x00000000e6680000)
 ParOldGen       total 214016K, used 82091K [0x0000000080000000, 0x000000008d100000, 0x00000000d5580000)
  object space 214016K, 38% used [0x0000000080000000,0x000000008502ac10,0x000000008d100000)
 Metaspace       used 98047K, capacity 102496K, committed 102784K, reserved 1138688K
  class space    used 12728K, capacity 13665K, committed 13696K, reserved 1048576K
Event: 155.739 GC heap after
Heap after GC invocations=23 (full 4):
 PSYoungGen      total 279552K, used 12392K [0x00000000d5580000, 0x00000000eaf00000, 0x0000000100000000)
  eden space 241152K, 0% used [0x00000000d5580000,0x00000000d5580000,0x00000000e4100000)
  from space 38400K, 32% used [0x00000000e4100000,0x00000000e4d1a110,0x00000000e6680000)
  to   space 36864K, 0% used [0x00000000e8b00000,0x00000000e8b00000,0x00000000eaf00000)
 ParOldGen       total 214016K, used 82099K [0x0000000080000000, 0x000000008d100000, 0x00000000d5580000)
  object space 214016K, 38% used [0x0000000080000000,0x000000008502cc10,0x000000008d100000)
 Metaspace       used 98047K, capacity 102496K, committed 102784K, reserved 1138688K
  class space    used 12728K, capacity 13665K, committed 13696K, reserved 1048576K
}
Event: 161.708 GC heap before
{Heap before GC invocations=24 (full 4):
 PSYoungGen      total 279552K, used 253544K [0x00000000d5580000, 0x00000000eaf00000, 0x0000000100000000)
  eden space 241152K, 100% used [0x00000000d5580000,0x00000000e4100000,0x00000000e4100000)
  from space 38400K, 32% used [0x00000000e4100000,0x00000000e4d1a110,0x00000000e6680000)
  to   space 36864K, 0% used [0x00000000e8b00000,0x00000000e8b00000,0x00000000eaf00000)
 ParOldGen       total 214016K, used 82099K [0x0000000080000000, 0x000000008d100000, 0x00000000d5580000)
  object space 214016K, 38% used [0x0000000080000000,0x000000008502cc10,0x000000008d100000)
 Metaspace       used 104491K, capacity 109238K, committed 109312K, reserved 1144832K
  class space    used 13539K, capacity 14544K, committed 14592K, reserved 1048576K
Event: 161.737 GC heap after
Heap after GC invocations=24 (full 4):
 PSYoungGen      total 307712K, used 20597K [0x00000000d5580000, 0x00000000eaa80000, 0x0000000100000000)
  eden space 275456K, 0% used [0x00000000d5580000,0x00000000d5580000,0x00000000e6280000)
  from space 32256K, 63% used [0x00000000e8b00000,0x00000000e9f1d4b0,0x00000000eaa80000)
  to   space 36864K, 0% used [0x00000000e6280000,0x00000000e6280000,0x00000000e8680000)
 ParOldGen       total 214016K, used 82107K [0x0000000080000000, 0x000000008d100000, 0x00000000d5580000)
  object space 214016K, 38% used [0x0000000080000000,0x000000008502ec10,0x000000008d100000)
 Metaspace       used 104491K, capacity 109238K, committed 109312K, reserved 1144832K
  class space    used 13539K, capacity 14544K, committed 14592K, reserved 1048576K
}
Event: 164.803 GC heap before
{Heap before GC invocations=25 (full 4):
 PSYoungGen      total 307712K, used 296053K [0x00000000d5580000, 0x00000000eaa80000, 0x0000000100000000)
  eden space 275456K, 100% used [0x00000000d5580000,0x00000000e6280000,0x00000000e6280000)
  from space 32256K, 63% used [0x00000000e8b00000,0x00000000e9f1d4b0,0x00000000eaa80000)
  to   space 36864K, 0% used [0x00000000e6280000,0x00000000e6280000,0x00000000e8680000)
 ParOldGen       total 214016K, used 82107K [0x0000000080000000, 0x000000008d100000, 0x00000000d5580000)
  object space 214016K, 38% used [0x0000000080000000,0x000000008502ec10,0x000000008d100000)
 Metaspace       used 110719K, capacity 115818K, committed 115968K, reserved 1150976K
  class space    used 14277K, capacity 15309K, committed 15360K, reserved 1048576K
Event: 164.850 GC heap after
Heap after GC invocations=25 (full 4):
 PSYoungGen      total 312320K, used 36853K [0x00000000d5580000, 0x00000000edd80000, 0x0000000100000000)
  eden space 275456K, 0% used [0x00000000d5580000,0x00000000d5580000,0x00000000e6280000)
  from space 36864K, 99% used [0x00000000e6280000,0x00000000e867d5f8,0x00000000e8680000)
  to   space 42496K, 0% used [0x00000000eb400000,0x00000000eb400000,0x00000000edd80000)
 ParOldGen       total 214016K, used 82934K [0x0000000080000000, 0x000000008d100000, 0x00000000d5580000)
  object space 214016K, 38% used [0x0000000080000000,0x00000000850fdb80,0x000000008d100000)
 Metaspace       used 110719K, capacity 115818K, committed 115968K, reserved 1150976K
  class space    used 14277K, capacity 15309K, committed 15360K, reserved 1048576K
}

